<?xml version="1.0" encoding="UTF-8"?>
<!-- Generated by org.testng.reporters.JUnitReportReporter -->
<testsuite hostname="Sikun" failures="0" tests="2" name="Skip.TC2" time="0.025" errors="0" timestamp="3 Sep 2024 03:00:02 GMT">
  <testcase classname="Skip.TC2" name="demo4" time="0.003"/>
  <testcase classname="Skip.TC2" name="demo3" time="0.022"/>
</testsuite> <!-- Skip.TC2 -->
