<?xml version="1.0" encoding="UTF-8"?>
<!-- Generated by org.testng.reporters.JUnitReportReporter -->
<testsuite hostname="Sikun" failures="0" tests="1" name="Testcase.TC3" time="0.024" errors="0" timestamp="3 Sep 2024 09:51:28 GMT">
  <testcase classname="Testcase.TC3" name="demo5" time="0.024"/>
</testsuite> <!-- Testcase.TC3 -->
