<?xml version="1.0" encoding="UTF-8"?>
<!-- Generated by org.testng.reporters.JUnitReportReporter -->
<testsuite hostname="Sikun" failures="0" tests="2" name="Skip.TC1" time="0.003" errors="0" timestamp="3 Sep 2024 03:00:02 GMT">
  <testcase classname="Skip.TC1" name="demo2" time="0.001"/>
  <testcase classname="Skip.TC1" name="demo1" time="0.002"/>
</testsuite> <!-- Skip.TC1 -->
